TN:
SF:src/auth.ts
FN:10,exact
FN:11,(anonymous_2)
FN:14,startsWith
FN:15,(anonymous_4)
FN:18,isPublicCatalogRead
FN:26,isPublicPlanRead
FN:47,isPublic
FN:49,(anonymous_8)
FN:53,verifyToken
FN:73,writeJson
FNF:10
FNH:8
FNDA:23,exact
FNDA:42,(anonymous_2)
FNDA:30,startsWith
FNDA:59,(anonymous_4)
FNDA:12,isPublicCatalogRead
FNDA:8,isPublicPlanRead
FNDA:27,isPublic
FNDA:201,(anonymous_8)
FNDA:0,verifyToken
FNDA:0,writeJson
DA:2,1
DA:3,1
DA:11,42
DA:15,59
DA:19,12
DA:27,8
DA:34,1
DA:47,1
DA:48,27
DA:49,201
DA:53,1
DA:57,0
DA:59,0
DA:60,0
DA:61,0
DA:64,0
DA:65,0
DA:66,0
DA:68,0
DA:69,0
DA:74,0
DA:78,0
LF:22
LH:11
BRDA:11,0,0,42
BRDA:11,0,1,37
BRDA:20,1,0,12
BRDA:20,1,1,10
BRDA:20,1,2,8
BRDA:28,2,0,8
BRDA:28,2,1,7
BRDA:49,3,0,201
BRDA:49,3,1,76
BRDA:57,4,0,0
BRDA:57,4,1,0
BRDA:59,5,0,0
BRF:12
BRH:9
end_of_record
TN:
SF:src/config.ts
FN:6,parseTarget
FNF:1
FNH:1
FNDA:7,parseTarget
DA:7,7
DA:8,7
DA:14,1
LF:3
LH:3
BRDA:10,0,0,7
BRDA:10,0,1,0
BRDA:10,1,0,0
BRDA:10,1,1,0
BRDA:15,2,0,1
BRDA:15,2,1,1
BRDA:16,3,0,1
BRDA:16,3,1,1
BRDA:19,4,0,1
BRDA:19,4,1,1
BRDA:22,5,0,1
BRDA:22,5,1,1
BRDA:23,6,0,1
BRDA:23,6,1,1
BRDA:24,7,0,1
BRDA:24,7,1,1
BRDA:25,8,0,1
BRDA:25,8,1,1
BRDA:26,9,0,1
BRDA:26,9,1,1
BRDA:27,10,0,1
BRDA:27,10,1,1
BRDA:28,11,0,1
BRDA:28,11,1,1
BRF:24
BRH:21
end_of_record
TN:
SF:src/proxy.ts
FN:13,forwardHeaders
FN:27,rewriteUrl
FN:32,proxyTo
FN:46,(anonymous_4)
FN:57,(anonymous_5)
FN:73,proxyUpgrade
FN:80,(anonymous_7)
FN:84,(anonymous_8)
FN:99,(anonymous_9)
FN:104,(anonymous_10)
FNF:10
FNH:1
FNDA:0,forwardHeaders
FNDA:11,rewriteUrl
FNDA:0,proxyTo
FNDA:0,(anonymous_4)
FNDA:0,(anonymous_5)
FNDA:0,proxyUpgrade
FNDA:0,(anonymous_7)
FNDA:0,(anonymous_8)
FNDA:0,(anonymous_9)
FNDA:0,(anonymous_10)
DA:1,1
DA:2,1
DA:8,1
DA:17,0
DA:18,0
DA:19,0
DA:21,0
DA:22,0
DA:27,1
DA:28,11
DA:29,11
DA:32,1
DA:38,0
DA:47,0
DA:52,0
DA:53,0
DA:57,0
DA:58,0
DA:59,0
DA:60,0
DA:64,0
DA:68,0
DA:73,1
DA:80,0
DA:82,0
DA:83,0
DA:84,0
DA:87,0
DA:92,0
DA:95,0
DA:96,0
DA:99,0
DA:100,0
DA:101,0
DA:104,0
LF:35
LH:8
BRDA:19,0,0,0
BRDA:29,1,0,10
BRDA:29,1,1,1
BRDA:52,2,0,0
BRDA:52,2,1,0
BRDA:59,3,0,0
BRDA:92,4,0,0
BRF:7
BRH:2
end_of_record
TN:
SF:src/server.ts
FN:18,writeJson
FN:26,handleRequest
FN:55,(anonymous_3)
FN:76,main
FN:88,(anonymous_5)
FN:92,(anonymous_6)
FN:105,(anonymous_7)
FN:117,(anonymous_8)
FNF:8
FNH:0
FNDA:0,writeJson
FNDA:0,handleRequest
FNDA:0,(anonymous_3)
FNDA:0,main
FNDA:0,(anonymous_5)
FNDA:0,(anonymous_6)
FNDA:0,(anonymous_7)
FNDA:0,(anonymous_8)
DA:1,0
DA:3,0
DA:4,0
DA:5,0
DA:8,0
DA:19,0
DA:23,0
DA:27,0
DA:28,0
DA:30,0
DA:33,0
DA:34,0
DA:35,0
DA:39,0
DA:40,0
DA:45,0
DA:46,0
DA:50,0
DA:51,0
DA:55,0
DA:56,0
DA:57,0
DA:58,0
DA:59,0
DA:60,0
DA:64,0
DA:65,0
DA:66,0
DA:70,0
DA:73,0
DA:77,0
DA:78,0
DA:79,0
DA:82,0
DA:88,0
DA:89,0
DA:90,0
DA:92,0
DA:93,0
DA:94,0
DA:95,0
DA:96,0
DA:97,0
DA:101,0
DA:102,0
DA:105,0
DA:106,0
DA:107,0
DA:108,0
DA:109,0
DA:110,0
DA:112,0
DA:113,0
DA:117,0
DA:118,0
DA:119,0
DA:123,0
LF:57
LH:0
BRDA:27,0,0,0
BRDA:27,0,1,0
BRDA:28,1,0,0
BRDA:28,1,1,0
BRDA:33,2,0,0
BRDA:33,3,0,0
BRDA:33,3,1,0
BRDA:39,4,0,0
BRDA:50,5,0,0
BRDA:50,6,0,0
BRDA:50,6,1,0
BRDA:51,7,0,0
BRDA:56,8,0,0
BRDA:64,9,0,0
BRDA:68,10,0,0
BRDA:68,10,1,0
BRDA:77,11,0,0
BRDA:89,12,0,0
BRDA:89,12,1,0
BRDA:93,13,0,0
BRDA:112,14,0,0
BRF:21
BRH:0
end_of_record
