TN:
SF:src/auth.ts
FN:10,exact
FN:11,(anonymous_2)
FN:14,startsWith
FN:15,(anonymous_4)
FN:18,isPublicCatalogRead
FN:26,isPublicPlanRead
FN:47,isPublic
FN:49,(anonymous_8)
FN:53,verifyToken
FN:73,writeJson
FNF:10
FNH:10
FNDA:23,exact
FNDA:42,(anonymous_2)
FNDA:30,startsWith
FNDA:59,(anonymous_4)
FNDA:12,isPublicCatalogRead
FNDA:8,isPublicPlanRead
FNDA:27,isPublic
FNDA:201,(anonymous_8)
FNDA:3,verifyToken
FNDA:2,writeJson
DA:2,1
DA:3,1
DA:11,42
DA:15,59
DA:19,12
DA:27,8
DA:34,1
DA:47,1
DA:48,27
DA:49,201
DA:53,1
DA:57,3
DA:59,3
DA:60,1
DA:61,1
DA:64,2
DA:65,2
DA:66,1
DA:68,1
DA:69,1
DA:74,2
DA:78,2
LF:22
LH:22
BRDA:11,0,0,42
BRDA:11,0,1,37
BRDA:20,1,0,12
BRDA:20,1,1,10
BRDA:20,1,2,8
BRDA:28,2,0,8
BRDA:28,2,1,7
BRDA:49,3,0,201
BRDA:49,3,1,76
BRDA:57,4,0,3
BRDA:57,4,1,1
BRDA:59,5,0,1
BRF:12
BRH:12
end_of_record
TN:
SF:src/config.ts
FN:6,parseTarget
FNF:1
FNH:1
FNDA:7,parseTarget
DA:7,7
DA:8,7
DA:14,1
LF:3
LH:3
BRDA:10,0,0,7
BRDA:10,0,1,0
BRDA:10,1,0,0
BRDA:10,1,1,0
BRDA:15,2,0,1
BRDA:15,2,1,1
BRDA:16,3,0,1
BRDA:16,3,1,1
BRDA:19,4,0,1
BRDA:19,4,1,1
BRDA:22,5,0,1
BRDA:22,5,1,1
BRDA:23,6,0,1
BRDA:23,6,1,1
BRDA:24,7,0,1
BRDA:24,7,1,1
BRDA:25,8,0,1
BRDA:25,8,1,1
BRDA:26,9,0,1
BRDA:26,9,1,1
BRDA:27,10,0,1
BRDA:27,10,1,1
BRDA:28,11,0,1
BRDA:28,11,1,1
BRF:24
BRH:21
end_of_record
