TN:
SF:src/application/cobros-service.ts
FN:16,rowToTransaccion
FN:34,rowToRecibo
FN:58,procesarPago
FN:155,obtenerTransaccion
FN:166,listarTransacciones
FN:174,obtenerRecibo
FNF:6
FNH:6
FNDA:7,rowToTransaccion
FNDA:4,rowToRecibo
FNDA:5,procesarPago
FNDA:3,obtenerTransaccion
FNDA:2,listarTransacciones
FNDA:3,obtenerRecibo
DA:1,1
DA:2,1
DA:3,1
DA:4,1
DA:17,7
DA:35,4
DA:58,1
DA:59,5
DA:60,5
DA:62,5
DA:64,5
DA:65,5
DA:66,5
DA:68,5
DA:84,4
DA:87,4
DA:92,4
DA:93,1
DA:96,3
DA:99,3
DA:100,3
DA:101,2
DA:105,2
DA:106,2
DA:110,3
DA:111,2
DA:112,2
DA:122,1
DA:129,1
DA:130,1
DA:132,1
DA:133,1
DA:134,1
DA:141,1
DA:142,1
DA:146,3
DA:148,2
DA:149,2
DA:151,5
DA:155,1
DA:156,3
DA:160,3
DA:161,1
DA:163,2
DA:166,1
DA:167,2
DA:171,2
DA:174,1
DA:175,3
DA:179,3
DA:180,1
DA:182,2
LF:52
LH:52
BRDA:20,0,0,7
BRDA:20,0,1,1
BRDA:27,1,0,7
BRDA:27,1,1,1
BRDA:28,2,0,6
BRDA:28,2,1,1
BRDA:41,3,0,1
BRDA:41,3,1,3
BRDA:92,4,0,1
BRDA:100,5,0,2
BRDA:105,6,0,2
BRDA:105,7,0,2
BRDA:105,7,1,2
BRDA:110,8,0,2
BRDA:117,9,0,2
BRDA:117,9,1,1
BRDA:120,10,0,2
BRDA:120,10,1,0
BRDA:132,11,0,1
BRDA:132,11,1,0
BRDA:160,12,0,1
BRDA:179,13,0,1
BRF:22
BRH:20
end_of_record
