TN:
SF:src/server.ts
FN:31,setCommonHeaders
FN:38,writeJson
FN:44,createHttpServer
FN:45,(anonymous_13)
FN:118,main
FN:127,(anonymous_15)
FN:131,(anonymous_16)
FN:143,(anonymous_17)
FN:144,(anonymous_18)
FN:152,(anonymous_19)
FNF:10
FNH:0
FNDA:0,setCommonHeaders
FNDA:0,writeJson
FNDA:0,createHttpServer
FNDA:0,(anonymous_13)
FNDA:0,main
FNDA:0,(anonymous_15)
FNDA:0,(anonymous_16)
FNDA:0,(anonymous_17)
FNDA:0,(anonymous_18)
FNDA:0,(anonymous_19)
DA:1,0
DA:2,0
DA:3,0
DA:4,0
DA:5,0
DA:6,0
DA:7,0
DA:11,0
DA:13,0
DA:23,0
DA:24,0
DA:28,0
DA:29,0
DA:32,0
DA:33,0
DA:34,0
DA:35,0
DA:39,0
DA:40,0
DA:41,0
DA:45,0
DA:46,0
DA:47,0
DA:48,0
DA:51,0
DA:52,0
DA:53,0
DA:54,0
DA:55,0
DA:58,0
DA:60,0
DA:61,0
DA:62,0
DA:65,0
DA:66,0
DA:67,0
DA:68,0
DA:69,0
DA:72,0
DA:73,0
DA:75,0
DA:76,0
DA:77,0
DA:78,0
DA:79,0
DA:80,0
DA:81,0
DA:82,0
DA:83,0
DA:85,0
DA:86,0
DA:87,0
DA:89,0
DA:90,0
DA:91,0
DA:94,0
DA:106,0
DA:108,0
DA:109,0
DA:111,0
DA:114,0
DA:120,0
DA:123,0
DA:125,0
DA:127,0
DA:128,0
DA:132,0
DA:133,0
DA:134,0
DA:136,0
DA:137,0
DA:142,0
DA:143,0
DA:144,0
DA:145,0
DA:146,0
DA:148,0
DA:152,0
DA:153,0
DA:154,0
LF:80
LH:0
BRDA:28,0,0,0
BRDA:28,0,1,0
BRDA:29,1,0,0
BRDA:29,1,1,0
BRDA:46,2,0,0
BRDA:51,3,0,0
BRDA:58,4,0,0
BRDA:58,4,1,0
BRDA:60,5,0,0
BRDA:60,6,0,0
BRDA:60,6,1,0
BRDA:65,7,0,0
BRDA:65,8,0,0
BRDA:65,8,1,0
BRDA:69,9,0,0
BRDA:69,9,1,0
BRDA:73,10,0,0
BRDA:73,10,1,0
BRDA:75,11,0,0
BRDA:75,11,1,0
BRDA:76,12,0,0
BRDA:76,12,1,0
BRDA:77,13,0,0
BRDA:77,13,1,0
BRDA:78,14,0,0
BRDA:78,14,1,0
BRDA:79,15,0,0
BRDA:79,15,1,0
BRDA:80,16,0,0
BRDA:80,16,1,0
BRDA:81,17,0,0
BRDA:81,17,1,0
BRDA:82,18,0,0
BRDA:82,18,1,0
BRDA:83,19,0,0
BRDA:83,19,1,0
BRDA:85,20,0,0
BRDA:85,21,0,0
BRDA:85,21,1,0
BRDA:85,21,2,0
BRDA:85,21,3,0
BRDA:85,21,4,0
BRDA:85,21,5,0
BRDA:89,22,0,0
BRDA:89,23,0,0
BRDA:89,23,1,0
BRDA:96,24,0,0
BRDA:96,24,1,0
BRDA:102,25,0,0
BRDA:102,25,1,0
BRDA:103,26,0,0
BRDA:103,26,1,0
BRDA:108,27,0,0
BRDA:108,27,1,0
BRDA:132,28,0,0
BRF:55
BRH:0
end_of_record
TN:
SF:src/application/cobros-service.ts
FN:16,rowToTransaccion
FN:34,rowToRecibo
FN:58,procesarPago
FN:155,obtenerTransaccion
FN:166,listarTransacciones
FN:174,obtenerRecibo
FNF:6
FNH:6
FNDA:7,rowToTransaccion
FNDA:4,rowToRecibo
FNDA:5,procesarPago
FNDA:3,obtenerTransaccion
FNDA:2,listarTransacciones
FNDA:3,obtenerRecibo
DA:1,1
DA:2,1
DA:3,1
DA:4,1
DA:17,7
DA:35,4
DA:58,1
DA:59,5
DA:60,5
DA:62,5
DA:64,5
DA:65,5
DA:66,5
DA:68,5
DA:84,4
DA:87,4
DA:92,4
DA:93,1
DA:96,3
DA:99,3
DA:100,3
DA:101,2
DA:105,2
DA:106,2
DA:110,3
DA:111,2
DA:112,2
DA:122,1
DA:129,1
DA:130,1
DA:132,1
DA:133,1
DA:134,1
DA:141,1
DA:142,1
DA:146,3
DA:148,2
DA:149,2
DA:151,5
DA:155,1
DA:156,3
DA:160,3
DA:161,1
DA:163,2
DA:166,1
DA:167,2
DA:171,2
DA:174,1
DA:175,3
DA:179,3
DA:180,1
DA:182,2
LF:52
LH:52
BRDA:20,0,0,7
BRDA:20,0,1,1
BRDA:27,1,0,7
BRDA:27,1,1,1
BRDA:28,2,0,6
BRDA:28,2,1,1
BRDA:41,3,0,1
BRDA:41,3,1,3
BRDA:92,4,0,1
BRDA:100,5,0,2
BRDA:105,6,0,2
BRDA:105,7,0,2
BRDA:105,7,1,2
BRDA:110,8,0,2
BRDA:117,9,0,2
BRDA:117,9,1,1
BRDA:120,10,0,2
BRDA:120,10,1,0
BRDA:132,11,0,1
BRDA:132,11,1,0
BRDA:160,12,0,1
BRDA:179,13,0,1
BRF:22
BRH:20
end_of_record
TN:
SF:src/infrastructure/divisas-client.ts
FN:8,convertirMontoDesdeBase
FN:23,(anonymous_2)
FN:32,(anonymous_3)
FN:34,(anonymous_4)
FN:35,(anonymous_5)
FN:50,(anonymous_6)
FNF:6
FNH:0
FNDA:0,convertirMontoDesdeBase
FNDA:0,(anonymous_2)
FNDA:0,(anonymous_3)
FNDA:0,(anonymous_4)
FNDA:0,(anonymous_5)
FNDA:0,(anonymous_6)
DA:1,0
DA:2,0
DA:3,0
DA:5,0
DA:6,0
DA:8,0
DA:12,0
DA:14,0
DA:15,0
DA:18,0
DA:19,0
DA:20,0
DA:21,0
DA:23,0
DA:24,0
DA:33,0
DA:34,0
DA:35,0
DA:36,0
DA:37,0
DA:38,0
DA:39,0
DA:40,0
DA:42,0
DA:44,0
DA:50,0
DA:51,0
DA:52,0
LF:28
LH:0
BRDA:5,0,0,0
BRDA:5,0,1,0
BRDA:6,1,0,0
BRDA:6,1,1,0
BRDA:14,2,0,0
BRDA:21,3,0,0
BRDA:21,3,1,0
BRDA:27,4,0,0
BRDA:27,4,1,0
BRDA:27,5,0,0
BRDA:27,5,1,0
BRDA:38,6,0,0
BRDA:39,7,0,0
BRDA:39,7,1,0
BRF:14
BRH:0
end_of_record
TN:
SF:src/infrastructure/notificaciones-client.ts
FN:8,postJson
FN:13,(anonymous_2)
FN:22,(anonymous_3)
FN:24,(anonymous_4)
FN:25,(anonymous_5)
FN:40,enviarReciboNotificacion
FN:58,(anonymous_7)
FNF:7
FNH:0
FNDA:0,postJson
FNDA:0,(anonymous_2)
FNDA:0,(anonymous_3)
FNDA:0,(anonymous_4)
FNDA:0,(anonymous_5)
FNDA:0,enviarReciboNotificacion
FNDA:0,(anonymous_7)
DA:1,0
DA:2,0
DA:3,0
DA:5,0
DA:6,0
DA:9,0
DA:10,0
DA:11,0
DA:13,0
DA:14,0
DA:23,0
DA:24,0
DA:25,0
DA:26,0
DA:27,0
DA:29,0
DA:34,0
DA:35,0
DA:36,0
DA:40,0
DA:49,0
DA:50,0
DA:59,0
DA:62,0
DA:63,0
LF:25
LH:0
BRDA:5,0,0,0
BRDA:5,0,1,0
BRDA:6,1,0,0
BRDA:6,1,1,0
BRDA:11,2,0,0
BRDA:11,2,1,0
BRDA:17,3,0,0
BRDA:17,3,1,0
BRDA:17,4,0,0
BRDA:17,4,1,0
BRDA:52,5,0,0
BRDA:52,5,1,0
BRDA:62,6,0,0
BRDA:63,7,0,0
BRDA:63,7,1,0
BRF:15
BRH:0
end_of_record
TN:
SF:src/infrastructure/postgres.ts
FN:16,(anonymous_0)
FN:20,connectWithRetry
FN:31,(anonymous_2)
FNF:3
FNH:0
FNDA:0,(anonymous_0)
FNDA:0,connectWithRetry
FNDA:0,(anonymous_2)
DA:1,0
DA:3,0
DA:5,0
DA:6,0
DA:9,0
DA:16,0
DA:17,0
DA:20,0
DA:21,0
DA:22,0
DA:23,0
DA:24,0
DA:25,0
DA:26,0
DA:28,0
DA:29,0
DA:30,0
DA:31,0
DA:35,0
LF:19
LH:0
BRDA:5,0,0,0
BRDA:20,1,0,0
BRDA:20,2,0,0
BRDA:28,3,0,0
BRDA:28,3,1,0
BRDA:30,4,0,0
BRF:6
BRH:0
end_of_record
TN:
SF:src/interfaces/grpc/handler.ts
FN:40,toTimestamp
FN:48,transaccionToProto
FN:65,reciboToProto
FN:77,grpcError
FN:83,handleProcesarPago
FN:126,handleObtenerTransaccion
FN:141,handleListarTransacciones
FN:152,handleObtenerRecibo
FNF:8
FNH:0
FNDA:0,toTimestamp
FNDA:0,transaccionToProto
FNDA:0,reciboToProto
FNDA:0,grpcError
FNDA:0,handleProcesarPago
FNDA:0,handleObtenerTransaccion
FNDA:0,handleListarTransacciones
FNDA:0,handleObtenerRecibo
DA:2,0
DA:3,0
DA:20,0
DA:27,0
DA:33,0
DA:41,0
DA:42,0
DA:49,0
DA:66,0
DA:78,0
DA:84,0
DA:85,0
DA:97,0
DA:98,0
DA:99,0
DA:100,0
DA:103,0
DA:115,0
DA:120,0
DA:121,0
DA:122,0
DA:127,0
DA:128,0
DA:129,0
DA:130,0
DA:132,0
DA:133,0
DA:134,0
DA:136,0
DA:142,0
DA:143,0
DA:144,0
DA:145,0
DA:147,0
DA:148,0
DA:153,0
DA:154,0
DA:155,0
DA:156,0
DA:158,0
DA:159,0
DA:160,0
DA:162,0
DA:170,0
LF:44
LH:0
BRDA:41,0,0,0
BRDA:52,1,0,0
BRDA:52,1,1,0
BRDA:59,2,0,0
BRDA:59,2,1,0
BRDA:98,3,0,0
BRDA:105,4,0,0
BRDA:105,4,1,0
BRDA:105,5,0,0
BRDA:105,5,1,0
BRDA:117,6,0,0
BRDA:117,6,1,0
BRDA:120,7,0,0
BRDA:120,7,1,0
BRDA:132,8,0,0
BRDA:132,8,1,0
BRDA:133,9,0,0
BRDA:133,9,1,0
BRDA:147,10,0,0
BRDA:147,10,1,0
BRDA:158,11,0,0
BRDA:158,11,1,0
BRDA:159,12,0,0
BRDA:159,12,1,0
BRF:24
BRH:0
end_of_record
