TN:
SF:src/server.ts
FN:33,writeJson
FN:42,readBody
FN:43,(anonymous_12)
FN:45,(anonymous_13)
FN:46,(anonymous_14)
FN:57,createHttpServer
FN:58,(anonymous_16)
FN:158,main
FN:165,(anonymous_18)
FN:169,(anonymous_19)
FN:183,(anonymous_20)
FN:184,(anonymous_21)
FN:192,(anonymous_22)
FNF:13
FNH:0
FNDA:0,writeJson
FNDA:0,readBody
FNDA:0,(anonymous_12)
FNDA:0,(anonymous_13)
FNDA:0,(anonymous_14)
FNDA:0,createHttpServer
FNDA:0,(anonymous_16)
FNDA:0,main
FNDA:0,(anonymous_18)
FNDA:0,(anonymous_19)
FNDA:0,(anonymous_20)
FNDA:0,(anonymous_21)
FNDA:0,(anonymous_22)
DA:1,0
DA:2,0
DA:3,0
DA:4,0
DA:5,0
DA:6,0
DA:7,0
DA:15,0
DA:17,0
DA:27,0
DA:28,0
DA:34,0
DA:39,0
DA:43,0
DA:44,0
DA:45,0
DA:46,0
DA:47,0
DA:48,0
DA:50,0
DA:53,0
DA:58,0
DA:59,0
DA:60,0
DA:62,0
DA:63,0
DA:64,0
DA:65,0
DA:68,0
DA:69,0
DA:70,0
DA:74,0
DA:75,0
DA:76,0
DA:77,0
DA:78,0
DA:79,0
DA:80,0
DA:81,0
DA:83,0
DA:84,0
DA:90,0
DA:92,0
DA:96,0
DA:97,0
DA:98,0
DA:99,0
DA:100,0
DA:101,0
DA:102,0
DA:104,0
DA:113,0
DA:119,0
DA:121,0
DA:125,0
DA:126,0
DA:127,0
DA:128,0
DA:129,0
DA:130,0
DA:131,0
DA:133,0
DA:139,0
DA:145,0
DA:147,0
DA:150,0
DA:156,0
DA:159,0
DA:161,0
DA:163,0
DA:165,0
DA:166,0
DA:170,0
DA:171,0
DA:172,0
DA:174,0
DA:175,0
DA:181,0
DA:182,0
DA:183,0
DA:184,0
DA:185,0
DA:186,0
DA:188,0
DA:192,0
DA:193,0
DA:194,0
LF:87
LH:0
BRDA:48,0,0,0
BRDA:48,0,1,0
BRDA:59,1,0,0
BRDA:59,1,1,0
BRDA:60,2,0,0
BRDA:60,2,1,0
BRDA:62,3,0,0
BRDA:68,4,0,0
BRDA:68,5,0,0
BRDA:68,5,1,0
BRDA:74,6,0,0
BRDA:74,7,0,0
BRDA:74,7,1,0
BRDA:77,8,0,0
BRDA:77,8,1,0
BRDA:78,9,0,0
BRDA:78,9,1,0
BRDA:79,10,0,0
BRDA:84,11,0,0
BRDA:84,11,1,0
BRDA:86,12,0,0
BRDA:86,12,1,0
BRDA:96,13,0,0
BRDA:96,14,0,0
BRDA:96,14,1,0
BRDA:99,15,0,0
BRDA:99,15,1,0
BRDA:100,16,0,0
BRDA:105,17,0,0
BRDA:105,17,1,0
BRDA:106,18,0,0
BRDA:106,18,1,0
BRDA:108,19,0,0
BRDA:108,19,1,0
BRDA:109,20,0,0
BRDA:109,20,1,0
BRDA:110,21,0,0
BRDA:110,21,1,0
BRDA:111,22,0,0
BRDA:111,22,1,0
BRDA:113,23,0,0
BRDA:113,23,1,0
BRDA:115,24,0,0
BRDA:115,24,1,0
BRDA:125,25,0,0
BRDA:125,26,0,0
BRDA:125,26,1,0
BRDA:129,27,0,0
BRDA:129,28,0,0
BRDA:129,28,1,0
BRDA:135,29,0,0
BRDA:135,29,1,0
BRDA:136,30,0,0
BRDA:136,30,1,0
BRDA:137,31,0,0
BRDA:137,31,1,0
BRDA:139,32,0,0
BRDA:139,32,1,0
BRDA:141,33,0,0
BRDA:141,33,1,0
BRDA:156,34,0,0
BRDA:156,34,1,0
BRDA:170,35,0,0
BRDA:181,36,0,0
BRDA:181,36,1,0
BRF:65
BRH:0
end_of_record
TN:
SF:src/application/service.ts
FN:56,emailWrapper
FN:129,tmplConfirmacionRegistro
FN:192,tmplRecibo
FN:277,tmplAlertaPublicacion
FN:355,registrarNotificacion
FN:385,enviarConfirmacionRegistro
FN:412,enviarRecibo
FN:457,enviarAlertaPublicacion
FNF:8
FNH:8
FNDA:13,emailWrapper
FNDA:4,tmplConfirmacionRegistro
FNDA:4,tmplRecibo
FNDA:5,tmplAlertaPublicacion
FNDA:13,registrarNotificacion
FNDA:4,enviarConfirmacionRegistro
FNDA:4,enviarRecibo
FNDA:5,enviarAlertaPublicacion
DA:1,1
DA:2,1
DA:5,1
DA:6,1
DA:7,1
DA:8,1
DA:12,1
DA:32,1
DA:57,13
DA:130,4
DA:186,4
DA:200,4
DA:271,4
DA:282,5
DA:283,5
DA:284,5
DA:285,5
DA:287,5
DA:347,5
DA:362,13
DA:367,13
DA:368,0
DA:380,0
DA:385,1
DA:389,4
DA:390,4
DA:391,4
DA:393,4
DA:394,4
DA:396,1
DA:397,1
DA:398,1
DA:401,4
DA:409,4
DA:412,1
DA:421,4
DA:429,4
DA:430,4
DA:431,4
DA:433,4
DA:434,1
DA:435,1
DA:437,3
DA:438,3
DA:440,1
DA:441,1
DA:442,1
DA:446,4
DA:454,4
DA:457,1
DA:463,5
DA:469,5
DA:470,5
DA:471,5
DA:473,5
DA:475,5
DA:477,1
DA:478,1
DA:479,1
DA:482,5
DA:490,5
LF:61
LH:59
BRDA:5,0,0,1
BRDA:5,0,1,1
BRDA:283,1,0,1
BRDA:283,1,1,4
BRDA:284,2,0,1
BRDA:284,2,1,4
BRDA:285,3,0,1
BRDA:285,3,1,4
BRDA:367,4,0,13
BRDA:367,5,0,13
BRDA:367,5,1,13
BRDA:377,6,0,0
BRDA:377,6,1,0
BRDA:397,7,0,1
BRDA:397,7,1,0
BRDA:433,8,0,1
BRDA:433,8,1,3
BRDA:441,9,0,1
BRDA:441,9,1,0
BRDA:471,10,0,5
BRDA:471,10,1,1
BRDA:478,11,0,1
BRDA:478,11,1,0
BRF:23
BRH:18
end_of_record
TN:
SF:src/infrastructure/mailer.ts
FN:21,sendMail
FNF:1
FNH:0
FNDA:0,sendMail
DA:1,0
DA:3,0
DA:4,0
DA:5,0
DA:7,0
DA:8,0
DA:11,0
DA:21,0
DA:26,0
LF:9
LH:0
BRDA:5,0,0,0
BRDA:5,0,1,0
BRDA:7,1,0,0
BRDA:7,2,0,0
BRDA:7,2,1,0
BRDA:28,3,0,0
BRDA:28,3,1,0
BRF:7
BRH:0
end_of_record
TN:
SF:src/infrastructure/postgres.ts
FN:16,(anonymous_0)
FN:20,connectWithRetry
FN:31,(anonymous_2)
FNF:3
FNH:0
FNDA:0,(anonymous_0)
FNDA:0,connectWithRetry
FNDA:0,(anonymous_2)
DA:1,0
DA:3,0
DA:5,0
DA:6,0
DA:9,0
DA:16,0
DA:17,0
DA:20,0
DA:21,0
DA:22,0
DA:23,0
DA:24,0
DA:25,0
DA:26,0
DA:28,0
DA:29,0
DA:30,0
DA:31,0
DA:35,0
LF:19
LH:0
BRDA:5,0,0,0
BRDA:20,1,0,0
BRDA:20,2,0,0
BRDA:28,3,0,0
BRDA:28,3,1,0
BRDA:30,4,0,0
BRF:6
BRH:0
end_of_record
TN:
SF:src/interfaces/grpc/handler.ts
FN:14,grpcError
FN:20,handleEnviarConfirmacionRegistro
FN:43,handleEnviarRecibo
FN:71,handleEnviarAlertaNuevaPublicacion
FNF:4
FNH:0
FNDA:0,grpcError
FNDA:0,handleEnviarConfirmacionRegistro
FNDA:0,handleEnviarRecibo
FNDA:0,handleEnviarAlertaNuevaPublicacion
DA:2,0
DA:3,0
DA:15,0
DA:24,0
DA:25,0
DA:26,0
DA:27,0
DA:28,0
DA:30,0
DA:31,0
DA:37,0
DA:38,0
DA:39,0
DA:44,0
DA:45,0
DA:54,0
DA:55,0
DA:56,0
DA:58,0
DA:59,0
DA:65,0
DA:66,0
DA:67,0
DA:75,0
DA:76,0
DA:82,0
DA:83,0
DA:84,0
DA:86,0
DA:87,0
DA:95,0
DA:96,0
DA:97,0
DA:102,0
LF:34
LH:0
BRDA:26,0,0,0
BRDA:33,1,0,0
BRDA:33,1,1,0
BRDA:33,2,0,0
BRDA:33,2,1,0
BRDA:37,3,0,0
BRDA:37,3,1,0
BRDA:54,4,0,0
BRDA:61,5,0,0
BRDA:61,5,1,0
BRDA:61,6,0,0
BRDA:61,6,1,0
BRDA:65,7,0,0
BRDA:65,7,1,0
BRDA:82,8,0,0
BRDA:82,9,0,0
BRDA:82,9,1,0
BRDA:89,10,0,0
BRDA:89,10,1,0
BRDA:91,11,0,0
BRDA:91,11,1,0
BRDA:95,12,0,0
BRDA:95,12,1,0
BRF:23
BRH:0
end_of_record
