TN:
SF:src/application/service.ts
FN:56,emailWrapper
FN:129,tmplConfirmacionRegistro
FN:192,tmplRecibo
FN:277,tmplAlertaPublicacion
FN:355,registrarNotificacion
FN:385,enviarConfirmacionRegistro
FN:412,enviarRecibo
FN:457,enviarAlertaPublicacion
FNF:8
FNH:8
FNDA:13,emailWrapper
FNDA:4,tmplConfirmacionRegistro
FNDA:4,tmplRecibo
FNDA:5,tmplAlertaPublicacion
FNDA:13,registrarNotificacion
FNDA:4,enviarConfirmacionRegistro
FNDA:4,enviarRecibo
FNDA:5,enviarAlertaPublicacion
DA:1,1
DA:2,1
DA:5,1
DA:6,1
DA:7,1
DA:8,1
DA:12,1
DA:32,1
DA:57,13
DA:130,4
DA:186,4
DA:200,4
DA:271,4
DA:282,5
DA:283,5
DA:284,5
DA:285,5
DA:287,5
DA:347,5
DA:362,13
DA:367,13
DA:368,0
DA:380,0
DA:385,1
DA:389,4
DA:390,4
DA:391,4
DA:393,4
DA:394,4
DA:396,1
DA:397,1
DA:398,1
DA:401,4
DA:409,4
DA:412,1
DA:421,4
DA:429,4
DA:430,4
DA:431,4
DA:433,4
DA:434,1
DA:435,1
DA:437,3
DA:438,3
DA:440,1
DA:441,1
DA:442,1
DA:446,4
DA:454,4
DA:457,1
DA:463,5
DA:469,5
DA:470,5
DA:471,5
DA:473,5
DA:475,5
DA:477,1
DA:478,1
DA:479,1
DA:482,5
DA:490,5
LF:61
LH:59
BRDA:5,0,0,1
BRDA:5,0,1,1
BRDA:283,1,0,1
BRDA:283,1,1,4
BRDA:284,2,0,1
BRDA:284,2,1,4
BRDA:285,3,0,1
BRDA:285,3,1,4
BRDA:367,4,0,13
BRDA:367,5,0,13
BRDA:367,5,1,13
BRDA:377,6,0,0
BRDA:377,6,1,0
BRDA:397,7,0,1
BRDA:397,7,1,0
BRDA:433,8,0,1
BRDA:433,8,1,3
BRDA:441,9,0,1
BRDA:441,9,1,0
BRDA:471,10,0,5
BRDA:471,10,1,1
BRDA:478,11,0,1
BRDA:478,11,1,0
BRF:23
BRH:18
end_of_record
