TN:
SF:src/application/divisas-service.ts
FN:20,obtenerTipoCambio
FN:78,convertirMonto
FN:109,listarMonedas
FNF:3
FNH:3
FNDA:4,obtenerTipoCambio
FNDA:1,convertirMonto
FNDA:2,listarMonedas
DA:1,1
DA:2,1
DA:3,1
DA:8,1
DA:20,1
DA:24,4
DA:25,4
DA:26,4
DA:29,4
DA:30,4
DA:31,2
DA:32,2
DA:34,2
DA:36,2
DA:45,2
DA:46,2
DA:47,1
DA:50,1
DA:52,1
DA:54,1
DA:63,1
DA:64,1
DA:67,1
DA:68,1
DA:70,1
DA:72,1
DA:78,1
DA:83,1
DA:84,1
DA:87,1
DA:96,1
DA:109,1
DA:110,2
DA:112,2
DA:113,2
DA:114,1
DA:117,1
DA:118,1
DA:120,1
LF:39
LH:39
BRDA:30,0,0,2
BRDA:46,1,0,1
BRDA:113,2,0,1
BRF:3
BRH:3
end_of_record
TN:
SF:src/domain/exchange.ts
FN:40,cacheKey
FN:45,cacheKeyMonedas
FNF:2
FNH:2
FNDA:11,cacheKey
FNDA:4,cacheKeyMonedas
DA:40,2
DA:41,11
DA:45,2
DA:46,4
LF:4
LH:4
BRF:0
BRH:0
end_of_record
