TN:
SF:src/server.ts
FN:40,createServer
FN:55,writeJson
FN:64,readBody
FN:65,(anonymous_13)
FN:67,(anonymous_14)
FN:68,(anonymous_15)
FN:79,createHttpServer
FN:80,(anonymous_17)
FN:160,main
FN:170,(anonymous_19)
FN:181,(anonymous_20)
FN:182,(anonymous_21)
FN:190,(anonymous_22)
FN:192,(anonymous_23)
FN:200,(anonymous_24)
FN:201,(anonymous_25)
FN:204,(anonymous_26)
FNF:17
FNH:0
FNDA:0,createServer
FNDA:0,writeJson
FNDA:0,readBody
FNDA:0,(anonymous_13)
FNDA:0,(anonymous_14)
FNDA:0,(anonymous_15)
FNDA:0,createHttpServer
FNDA:0,(anonymous_17)
FNDA:0,main
FNDA:0,(anonymous_19)
FNDA:0,(anonymous_20)
FNDA:0,(anonymous_21)
FNDA:0,(anonymous_22)
FNDA:0,(anonymous_23)
FNDA:0,(anonymous_24)
FNDA:0,(anonymous_25)
FNDA:0,(anonymous_26)
DA:1,0
DA:2,0
DA:3,0
DA:4,0
DA:6,0
DA:7,0
DA:8,0
DA:13,0
DA:24,0
DA:26,0
DA:35,0
DA:36,0
DA:41,0
DA:44,0
DA:50,0
DA:56,0
DA:61,0
DA:65,0
DA:66,0
DA:67,0
DA:68,0
DA:69,0
DA:70,0
DA:72,0
DA:75,0
DA:80,0
DA:81,0
DA:82,0
DA:84,0
DA:85,0
DA:86,0
DA:87,0
DA:90,0
DA:91,0
DA:92,0
DA:96,0
DA:97,0
DA:98,0
DA:99,0
DA:100,0
DA:101,0
DA:102,0
DA:103,0
DA:105,0
DA:106,0
DA:113,0
DA:115,0
DA:119,0
DA:120,0
DA:121,0
DA:122,0
DA:123,0
DA:124,0
DA:125,0
DA:126,0
DA:127,0
DA:129,0
DA:130,0
DA:138,0
DA:140,0
DA:144,0
DA:145,0
DA:146,0
DA:147,0
DA:149,0
DA:151,0
DA:154,0
DA:162,0
DA:163,0
DA:165,0
DA:166,0
DA:168,0
DA:170,0
DA:171,0
DA:172,0
DA:173,0
DA:175,0
DA:179,0
DA:180,0
DA:181,0
DA:182,0
DA:183,0
DA:184,0
DA:186,0
DA:190,0
DA:191,0
DA:192,0
DA:193,0
DA:194,0
DA:195,0
DA:196,0
DA:200,0
DA:201,0
DA:204,0
DA:205,0
DA:206,0
LF:96
LH:0
BRDA:70,0,0,0
BRDA:70,0,1,0
BRDA:81,1,0,0
BRDA:81,1,1,0
BRDA:82,2,0,0
BRDA:82,2,1,0
BRDA:84,3,0,0
BRDA:90,4,0,0
BRDA:90,5,0,0
BRDA:90,5,1,0
BRDA:96,6,0,0
BRDA:96,7,0,0
BRDA:96,7,1,0
BRDA:99,8,0,0
BRDA:99,8,1,0
BRDA:100,9,0,0
BRDA:100,9,1,0
BRDA:101,10,0,0
BRDA:101,11,0,0
BRDA:101,11,1,0
BRDA:119,12,0,0
BRDA:119,13,0,0
BRDA:119,13,1,0
BRDA:123,14,0,0
BRDA:123,14,1,0
BRDA:124,15,0,0
BRDA:124,15,1,0
BRDA:125,16,0,0
BRDA:125,17,0,0
BRDA:125,17,1,0
BRDA:125,17,2,0
BRDA:144,18,0,0
BRDA:144,19,0,0
BRDA:144,19,1,0
BRDA:165,20,0,0
BRDA:165,20,1,0
BRDA:171,21,0,0
BRDA:179,22,0,0
BRDA:179,22,1,0
BRF:39
BRH:0
end_of_record
TN:
SF:src/application/divisas-service.ts
FN:20,obtenerTipoCambio
FN:78,convertirMonto
FN:109,listarMonedas
FNF:3
FNH:0
FNDA:0,obtenerTipoCambio
FNDA:0,convertirMonto
FNDA:0,listarMonedas
DA:1,0
DA:2,0
DA:3,0
DA:8,0
DA:20,0
DA:24,0
DA:25,0
DA:26,0
DA:29,0
DA:30,0
DA:31,0
DA:32,0
DA:34,0
DA:36,0
DA:45,0
DA:46,0
DA:47,0
DA:50,0
DA:52,0
DA:54,0
DA:63,0
DA:64,0
DA:67,0
DA:68,0
DA:70,0
DA:72,0
DA:78,0
DA:83,0
DA:84,0
DA:87,0
DA:96,0
DA:109,0
DA:110,0
DA:112,0
DA:113,0
DA:114,0
DA:117,0
DA:118,0
DA:120,0
LF:39
LH:0
BRDA:30,0,0,0
BRDA:46,1,0,0
BRDA:113,2,0,0
BRF:3
BRH:0
end_of_record
TN:
SF:src/domain/exchange.ts
FN:40,cacheKey
FN:45,cacheKeyMonedas
FNF:2
FNH:2
FNDA:7,cacheKey
FNDA:2,cacheKeyMonedas
DA:40,1
DA:41,7
DA:45,1
DA:46,2
LF:4
LH:4
BRF:0
BRH:0
end_of_record
TN:
SF:src/infrastructure/exchange-api.ts
FN:13,fetchRates
FN:41,fetchTasa
FN:60,fetchMonedas
FNF:3
FNH:0
FNDA:0,fetchRates
FNDA:0,fetchTasa
FNDA:0,fetchMonedas
DA:1,0
DA:4,0
DA:13,0
DA:17,0
DA:19,0
DA:23,0
DA:24,0
DA:29,0
DA:31,0
DA:41,0
DA:45,0
DA:47,0
DA:48,0
DA:49,0
DA:54,0
DA:60,0
DA:61,0
DA:62,0
LF:18
LH:0
BRDA:23,0,0,0
BRDA:48,1,0,0
BRDA:60,2,0,0
BRF:3
BRH:0
end_of_record
TN:
SF:src/infrastructure/postgres.ts
FN:6,createPool
FN:14,(anonymous_1)
FN:23,getPool
FN:31,closePool
FN:43,upsertCacheDivisa
FN:65,registrarConsulta
FN:98,obtenerTasaDesdeDB
FNF:7
FNH:0
FNDA:0,createPool
FNDA:0,(anonymous_1)
FNDA:0,getPool
FNDA:0,closePool
FNDA:0,upsertCacheDivisa
FNDA:0,registrarConsulta
FNDA:0,obtenerTasaDesdeDB
DA:1,0
DA:3,0
DA:6,0
DA:7,0
DA:10,0
DA:12,0
DA:14,0
DA:15,0
DA:18,0
DA:19,0
DA:23,0
DA:24,0
DA:25,0
DA:27,0
DA:31,0
DA:32,0
DA:33,0
DA:34,0
DA:35,0
DA:43,0
DA:49,0
DA:50,0
DA:51,0
DA:58,0
DA:65,0
DA:73,0
DA:74,0
DA:75,0
DA:88,0
DA:90,0
DA:98,0
DA:102,0
DA:103,0
DA:104,0
DA:113,0
DA:115,0
DA:120,0
LF:37
LH:0
BRDA:7,0,0,0
BRDA:10,1,0,0
BRDA:10,1,1,0
BRDA:24,2,0,0
BRDA:32,3,0,0
BRDA:47,4,0,0
BRDA:113,5,0,0
BRF:7
BRH:0
end_of_record
TN:
SF:src/infrastructure/redis.ts
FN:12,getRedisClient
FN:20,connectRedis
FN:25,(anonymous_2)
FN:34,disconnectRedis
FN:46,redisGet
FN:53,redisSet
FNF:6
FNH:0
FNDA:0,getRedisClient
FNDA:0,connectRedis
FNDA:0,(anonymous_2)
FNDA:0,disconnectRedis
FNDA:0,redisGet
FNDA:0,redisSet
DA:1,0
DA:4,0
DA:6,0
DA:12,0
DA:13,0
DA:14,0
DA:16,0
DA:20,0
DA:21,0
DA:23,0
DA:25,0
DA:26,0
DA:29,0
DA:30,0
DA:34,0
DA:35,0
DA:36,0
DA:37,0
DA:38,0
DA:46,0
DA:47,0
DA:53,0
DA:54,0
LF:23
LH:0
BRDA:13,0,0,0
BRDA:21,1,0,0
BRDA:21,1,1,0
BRDA:35,2,0,0
BRF:4
BRH:0
end_of_record
TN:
SF:src/interfaces/grpc/handler.ts
FN:26,handleObtenerTipoCambio
FN:61,handleConvertirMonto
FN:105,handleListarMonedas
FNF:3
FNH:0
FNDA:0,handleObtenerTipoCambio
FNDA:0,handleConvertirMonto
FNDA:0,handleListarMonedas
DA:1,0
DA:2,0
DA:26,0
DA:30,0
DA:31,0
DA:33,0
DA:34,0
DA:38,0
DA:41,0
DA:43,0
DA:50,0
DA:51,0
DA:61,0
DA:65,0
DA:66,0
DA:68,0
DA:69,0
DA:73,0
DA:76,0
DA:77,0
DA:81,0
DA:84,0
DA:86,0
DA:94,0
DA:95,0
DA:105,0
DA:109,0
DA:110,0
DA:111,0
DA:113,0
DA:114,0
LF:31
LH:0
BRDA:33,0,0,0
BRDA:33,1,0,0
BRDA:33,1,1,0
BRDA:68,2,0,0
BRDA:68,3,0,0
BRDA:68,3,1,0
BRDA:68,3,2,0
BRDA:76,4,0,0
BRF:8
BRH:0
end_of_record
