mode: atomic
quetzaltv/services/streaming/internal/application/recommendation.go:20.36,23.33 3 12
quetzaltv/services/streaming/internal/application/recommendation.go:23.33,25.3 1 3
quetzaltv/services/streaming/internal/application/recommendation.go:27.2,28.35 2 12
quetzaltv/services/streaming/internal/application/recommendation.go:28.35,31.34 3 6
quetzaltv/services/streaming/internal/application/recommendation.go:31.34,32.12 1 3
quetzaltv/services/streaming/internal/application/recommendation.go:35.3,36.44 2 3
quetzaltv/services/streaming/internal/application/recommendation.go:36.44,38.4 1 1
quetzaltv/services/streaming/internal/application/recommendation.go:39.3,39.31 1 3
quetzaltv/services/streaming/internal/application/recommendation.go:39.31,41.4 1 3
quetzaltv/services/streaming/internal/application/recommendation.go:43.3,43.42 1 3
quetzaltv/services/streaming/internal/application/recommendation.go:44.15,45.18 1 1
quetzaltv/services/streaming/internal/application/recommendation.go:46.18,47.18 1 0
quetzaltv/services/streaming/internal/application/recommendation.go:50.3,50.39 1 3
quetzaltv/services/streaming/internal/application/recommendation.go:50.39,52.17 2 3
quetzaltv/services/streaming/internal/application/recommendation.go:52.17,54.5 1 3
quetzaltv/services/streaming/internal/application/recommendation.go:58.2,58.33 1 12
quetzaltv/services/streaming/internal/application/recommendation.go:58.33,59.63 1 3
quetzaltv/services/streaming/internal/application/recommendation.go:59.63,60.12 1 2
quetzaltv/services/streaming/internal/application/recommendation.go:62.3,63.34 2 1
quetzaltv/services/streaming/internal/application/recommendation.go:63.34,64.12 1 0
quetzaltv/services/streaming/internal/application/recommendation.go:67.3,68.52 2 1
quetzaltv/services/streaming/internal/application/recommendation.go:68.52,70.4 1 1
quetzaltv/services/streaming/internal/application/recommendation.go:71.3,71.39 1 1
quetzaltv/services/streaming/internal/application/recommendation.go:71.39,73.17 2 1
quetzaltv/services/streaming/internal/application/recommendation.go:73.17,75.5 1 1
quetzaltv/services/streaming/internal/application/recommendation.go:79.2,80.34 2 12
quetzaltv/services/streaming/internal/application/recommendation.go:80.34,81.63 1 62
quetzaltv/services/streaming/internal/application/recommendation.go:81.63,82.12 1 1
quetzaltv/services/streaming/internal/application/recommendation.go:85.3,86.30 2 61
quetzaltv/services/streaming/internal/application/recommendation.go:86.30,88.36 2 58
quetzaltv/services/streaming/internal/application/recommendation.go:88.36,90.5 1 1
quetzaltv/services/streaming/internal/application/recommendation.go:93.3,94.42 2 61
quetzaltv/services/streaming/internal/application/recommendation.go:94.42,95.12 1 1
quetzaltv/services/streaming/internal/application/recommendation.go:97.3,97.19 1 60
quetzaltv/services/streaming/internal/application/recommendation.go:97.19,99.4 1 57
quetzaltv/services/streaming/internal/application/recommendation.go:101.3,105.5 1 60
quetzaltv/services/streaming/internal/application/recommendation.go:108.2,108.56 1 12
quetzaltv/services/streaming/internal/application/recommendation.go:108.56,109.59 1 403
quetzaltv/services/streaming/internal/application/recommendation.go:109.59,111.4 1 0
quetzaltv/services/streaming/internal/application/recommendation.go:112.3,112.61 1 403
quetzaltv/services/streaming/internal/application/recommendation.go:115.2,115.34 1 12
quetzaltv/services/streaming/internal/application/recommendation.go:115.34,117.3 1 3
quetzaltv/services/streaming/internal/application/recommendation.go:119.2,119.29 1 12
quetzaltv/services/streaming/internal/application/recommendation.go:122.103,127.39 4 61
quetzaltv/services/streaming/internal/application/recommendation.go:127.39,131.34 4 4
quetzaltv/services/streaming/internal/application/recommendation.go:131.34,134.4 2 3
quetzaltv/services/streaming/internal/application/recommendation.go:137.2,137.21 1 61
quetzaltv/services/streaming/internal/application/recommendation.go:137.21,139.3 1 3
quetzaltv/services/streaming/internal/application/recommendation.go:140.2,140.18 1 58
quetzaltv/services/streaming/internal/application/recommendation.go:143.42,145.2 1 8
quetzaltv/services/streaming/internal/application/service.go:22.21,24.27 2 27
quetzaltv/services/streaming/internal/application/service.go:24.27,26.3 1 15
quetzaltv/services/streaming/internal/application/service.go:27.2,27.116 1 27
quetzaltv/services/streaming/internal/application/service.go:36.33,38.2 1 3
quetzaltv/services/streaming/internal/application/service.go:44.36,46.2 1 2
quetzaltv/services/streaming/internal/application/service.go:54.37,56.2 1 2
quetzaltv/services/streaming/internal/application/service.go:62.36,63.30 1 16
quetzaltv/services/streaming/internal/application/service.go:63.30,65.3 1 2
quetzaltv/services/streaming/internal/application/service.go:66.2,66.26 1 16
quetzaltv/services/streaming/internal/application/service.go:66.26,68.3 1 1
quetzaltv/services/streaming/internal/application/service.go:70.2,71.16 2 15
quetzaltv/services/streaming/internal/application/service.go:71.16,73.3 1 1
quetzaltv/services/streaming/internal/application/service.go:74.2,75.16 2 14
quetzaltv/services/streaming/internal/application/service.go:75.16,77.3 1 1
quetzaltv/services/streaming/internal/application/service.go:78.2,79.16 2 13
quetzaltv/services/streaming/internal/application/service.go:79.16,81.3 1 1
quetzaltv/services/streaming/internal/application/service.go:83.2,84.84 2 12
quetzaltv/services/streaming/internal/application/service.go:88.97,90.2 1 2
quetzaltv/services/streaming/internal/application/service.go:93.103,95.2 1 2
